{"uid":"ba0f430c52b82a44","name":"LoginWithoutPassword","fullName":"TestRail:TestRail.Test.LoginTest.LoginWithoutPassword()","historyId":"b7ebd461045cf3b4cd2dba4a94509611","time":{"start":1715868037393,"stop":1715868043364,"duration":5971},"status":"broken","statusMessage":"System.InvalidOperationException : session not created: This version of ChromeDriver only supports Chrome version 125\nCurrent browser version is 124.0.6367.207 (SessionNotCreated)\nTearDown : System.NullReferenceException : Object reference not set to an instance of an object.","statusTrace":"   at OpenQA.Selenium.WebDriver.UnpackAndThrowOnError(Response errorResponse, String commandToExecute)\n   at OpenQA.Selenium.WebDriver.Execute(String driverCommandToExecute, Dictionary`2 parameters)\n   at OpenQA.Selenium.WebDriver.StartSession(ICapabilities capabilities)\n   at OpenQA.Selenium.WebDriver..ctor(ICommandExecutor executor, ICapabilities capabilities)\n   at OpenQA.Selenium.Chromium.ChromiumDriver..ctor(ChromiumDriverService service, ChromiumOptions options, TimeSpan commandTimeout)\n   at OpenQA.Selenium.Chrome.ChromeDriver..ctor(ChromeDriverService service, ChromeOptions options, TimeSpan commandTimeout)\n   at OpenQA.Selenium.Chrome.ChromeDriver..ctor(ChromeOptions options)\n   at TestRail.Core.DriverFactory.GetChromeDriver() in /home/runner/work/TeachMeSkills/TeachMeSkills/TestRail/Core/DriverFactory.cs:line 21\n   at TestRail.Core.Browser..ctor() in /home/runner/work/TeachMeSkills/TeachMeSkills/TestRail/Core/Browser.cs:line 14\n   at TestRail.Test.BaseTest.__a$_around_Setup_100663333_o() in /home/runner/work/TeachMeSkills/TeachMeSkills/TestRail/Test/BaseTest.cs:line 23\n   at TestRail.Test.BaseTest.__a$_around_Setup_100663333_u(Object[])\n   at Allure.Net.Commons.Steps.AllureAbstractStepAspect.WrapSyncVoid(Func`2 target, Object[] args, MethodBase metadata, String stepName, List`1 stepParameters)\n   at System.RuntimeMethodHandle.InvokeMethod(Object target, Void** arguments, Signature sig, Boolean isConstructor)\n   at System.Reflection.MethodBaseInvoker.InvokeWithManyArgs(Object obj, BindingFlags invokeAttr, Binder binder, Object[] parameters, CultureInfo culture)\n--TearDown\n   at TestRail.Test.BaseTest.__a$_around_TearDown_100663334_o() in /home/runner/work/TeachMeSkills/TeachMeSkills/TestRail/Test/BaseTest.cs:line 35\n   at TestRail.Test.BaseTest.__a$_around_TearDown_100663334_u(Object[])\n   at Allure.Net.Commons.Steps.AllureAbstractStepAspect.WrapSyncVoid(Func`2 target, Object[] args, MethodBase metadata, String stepName, List`1 stepParameters)\n   at InvokeStub_AllureAbstractStepAspect.WrapSyncVoid(Object, Span`1)\n   at System.Reflection.MethodBaseInvoker.InvokeWithManyArgs(Object obj, BindingFlags invokeAttr, Binder binder, Object[] parameters, CultureInfo culture)","flaky":false,"newFailed":false,"newBroken":false,"newPassed":false,"retriesCount":0,"retriesStatusChange":false,"beforeStages":[{"name":"Set up driver","time":{"start":1715868037404,"stop":1715868043357,"duration":5953},"status":"broken","statusMessage":"session not created: This version of ChromeDriver only supports Chrome version 125\nCurrent browser version is 124.0.6367.207 (SessionNotCreated)","statusTrace":"System.InvalidOperationException: session not created: This version of ChromeDriver only supports Chrome version 125\nCurrent browser version is 124.0.6367.207 (SessionNotCreated)\n   at OpenQA.Selenium.WebDriver.UnpackAndThrowOnError(Response errorResponse, String commandToExecute)\n   at OpenQA.Selenium.WebDriver.Execute(String driverCommandToExecute, Dictionary`2 parameters)\n   at OpenQA.Selenium.WebDriver.StartSession(ICapabilities capabilities)\n   at OpenQA.Selenium.WebDriver..ctor(ICommandExecutor executor, ICapabilities capabilities)\n   at OpenQA.Selenium.Chromium.ChromiumDriver..ctor(ChromiumDriverService service, ChromiumOptions options, TimeSpan commandTimeout)\n   at OpenQA.Selenium.Chrome.ChromeDriver..ctor(ChromeDriverService service, ChromeOptions options, TimeSpan commandTimeout)\n   at OpenQA.Selenium.Chrome.ChromeDriver..ctor(ChromeOptions options)\n   at TestRail.Core.DriverFactory.GetChromeDriver() in /home/runner/work/TeachMeSkills/TeachMeSkills/TestRail/Core/DriverFactory.cs:line 21\n   at TestRail.Core.Browser..ctor() in /home/runner/work/TeachMeSkills/TeachMeSkills/TestRail/Core/Browser.cs:line 14\n   at TestRail.Test.BaseTest.__a$_around_Setup_100663333_o() in /home/runner/work/TeachMeSkills/TeachMeSkills/TestRail/Test/BaseTest.cs:line 23\n   at TestRail.Test.BaseTest.__a$_around_Setup_100663333_u(Object[])\n   at Allure.Net.Commons.Steps.AllureAbstractStepAspect.WrapSyncVoid(Func`2 target, Object[] args, MethodBase metadata, String stepName, List`1 stepParameters)","steps":[],"attachments":[],"parameters":[],"shouldDisplayMessage":true,"stepsCount":0,"attachmentsCount":0,"hasContent":true}],"afterStages":[{"name":"Driver quite","time":{"start":1715868043361,"stop":1715868043362,"duration":1},"status":"broken","statusMessage":"Object reference not set to an instance of an object.","statusTrace":"System.NullReferenceException: Object reference not set to an instance of an object.\n   at TestRail.Test.BaseTest.__a$_around_TearDown_100663334_o() in /home/runner/work/TeachMeSkills/TeachMeSkills/TestRail/Test/BaseTest.cs:line 35\n   at TestRail.Test.BaseTest.__a$_around_TearDown_100663334_u(Object[])\n   at Allure.Net.Commons.Steps.AllureAbstractStepAspect.WrapSyncVoid(Func`2 target, Object[] args, MethodBase metadata, String stepName, List`1 stepParameters)","steps":[],"attachments":[],"parameters":[],"shouldDisplayMessage":true,"stepsCount":0,"attachmentsCount":0,"hasContent":true}],"labels":[{"name":"thread","value":"NonParallelWorker"},{"name":"host","value":"fv-az740-262"},{"name":"language","value":"C#"},{"name":"framework","value":"NUnit 3"},{"name":"package","value":"TestRail.Test"},{"name":"testMethod","value":"LoginWithoutPassword"},{"name":"testClass","value":"LoginTest"},{"name":"tag","value":"Negative"},{"name":"resultFormat","value":"allure2"}],"parameters":[],"links":[],"hidden":false,"retry":false,"extra":{"severity":"normal","retries":[],"categories":[{"name":"Test defects","matchedStatuses":[],"flaky":false}],"tags":["Negative"]},"source":"ba0f430c52b82a44.json","parameterValues":[]}